20/07/2020 00:01:15 com.app.steps_definitions.Hooks Scenario "Validate selected item details on the checkout page" is failed

20/07/2020 00:04:05 com.app.core.LogDeletion deleted file
20/07/2020 00:04:50 com.app.steps_definitions.Hooks Scenario "Validate selected item details on the checkout page" is failed

20/07/2020 00:07:31 com.app.steps_definitions.Hooks Scenario "Validate selected item details on the checkout page" is failed

20/07/2020 00:09:44 com.app.steps_definitions.Hooks ---------- Launching ------------Android
20/07/2020 00:09:44 com.app.steps_definitions.Hooks Scenario "Validate selected item details on the checkout page" execution started 

20/07/2020 00:18:21 com.app.steps_definitions.Hooks ---------- Launching ------------Android
20/07/2020 00:18:21 com.app.steps_definitions.Hooks Scenario "Validate selected item details on the checkout page" execution started 

20/07/2020 00:19:09 com.app.steps_definitions.Hooks Scenario "Validate selected item details on the checkout page" is failed

20/07/2020 00:20:36 com.app.steps_definitions.Hooks ---------- Launching ------------Android
20/07/2020 00:20:36 com.app.steps_definitions.Hooks Scenario "Validate selected item details on the checkout page" execution started 

20/07/2020 00:21:24 com.app.steps_definitions.Hooks Scenario "Validate selected item details on the checkout page" is failed

20/07/2020 00:45:53 com.app.steps_definitions.Hooks ---------- Launching ------------Android
20/07/2020 00:45:53 com.app.steps_definitions.Hooks Scenario "Validate selected item details on the checkout page" execution started 

20/07/2020 00:46:05 com.app.steps_definitions.Hooks Scenario "Validate selected item details on the checkout page" is failed

20/07/2020 00:47:23 com.app.steps_definitions.Hooks ---------- Launching ------------Android
20/07/2020 00:47:23 com.app.steps_definitions.Hooks Scenario "Validate selected item details on the checkout page" execution started 

20/07/2020 00:47:37 com.app.steps_definitions.Hooks Scenario "Validate selected item details on the checkout page" is failed

20/07/2020 00:50:18 com.app.steps_definitions.Hooks ---------- Launching ------------Android
20/07/2020 00:50:18 com.app.steps_definitions.Hooks Scenario "Validate selected item details on the checkout page" execution started 

20/07/2020 00:50:33 com.app.steps_definitions.Hooks Scenario "Validate selected item details on the checkout page" is failed

20/07/2020 00:51:41 com.app.steps_definitions.Hooks ---------- Launching ------------Android
20/07/2020 00:51:41 com.app.steps_definitions.Hooks Scenario "Validate selected item details on the checkout page" execution started 

20/07/2020 00:59:37 com.app.steps_definitions.Hooks ---------- Launching ------------Android
20/07/2020 00:59:37 com.app.steps_definitions.Hooks Scenario "Validate selected item details on the checkout page" execution started 

20/07/2020 00:59:48 com.app.steps_definitions.Hooks Scenario "Validate selected item details on the checkout page" is failed

20/07/2020 01:00:27 com.app.steps_definitions.Hooks ---------- Launching ------------Android
20/07/2020 01:00:27 com.app.steps_definitions.Hooks Scenario "Validate selected item details on the checkout page" execution started 

20/07/2020 01:00:41 com.app.steps_definitions.Hooks Scenario "Validate selected item details on the checkout page" is failed

20/07/2020 01:01:33 com.app.steps_definitions.Hooks ---------- Launching ------------Android
20/07/2020 01:01:33 com.app.steps_definitions.Hooks Scenario "Validate selected item details on the checkout page" execution started 

20/07/2020 01:01:44 com.app.steps_definitions.Hooks Scenario "Validate selected item details on the checkout page" is failed

20/07/2020 01:02:58 com.app.steps_definitions.Hooks ---------- Launching ------------Android
20/07/2020 01:02:58 com.app.steps_definitions.Hooks Scenario "Validate selected item details on the checkout page" execution started 

20/07/2020 01:30:23 com.app.steps_definitions.Hooks ---------- Launching ------------Android
20/07/2020 01:30:23 com.app.steps_definitions.Hooks Scenario "Validate selected item details on the checkout page" execution started 

20/07/2020 01:30:39 com.app.steps_definitions.Hooks Scenario "Validate selected item details on the checkout page" is failed

20/07/2020 01:40:42 com.app.steps_definitions.Hooks ---------- Launching ------------Android
20/07/2020 01:40:42 com.app.steps_definitions.Hooks Scenario "Validate selected item details on the checkout page" execution started 

20/07/2020 01:40:54 com.app.steps_definitions.Hooks Scenario "Validate selected item details on the checkout page" is failed

20/07/2020 01:43:27 com.app.steps_definitions.Hooks ---------- Launching ------------Android
20/07/2020 01:43:27 com.app.steps_definitions.Hooks Scenario "Validate selected item details on the checkout page" execution started 

20/07/2020 01:43:41 com.app.steps_definitions.Hooks Scenario "Validate selected item details on the checkout page" is failed

20/07/2020 01:47:00 com.app.steps_definitions.Hooks ---------- Launching ------------Android
20/07/2020 01:47:00 com.app.steps_definitions.Hooks Scenario "Validate selected item details on the checkout page" execution started 

20/07/2020 02:13:53 com.app.steps_definitions.Hooks ---------- Launching ------------Android
20/07/2020 02:13:53 com.app.steps_definitions.Hooks Scenario "Validate selected item details on the checkout page" execution started 

20/07/2020 02:14:36 com.app.steps_definitions.Hooks Scenario "Validate selected item details on the checkout page" is failed

20/07/2020 02:14:57 com.app.steps_definitions.Hooks ---------- Launching ------------Android
20/07/2020 02:14:57 com.app.steps_definitions.Hooks Scenario "Validate selected item details on the checkout page" execution started 

20/07/2020 02:15:08 com.app.steps_definitions.Hooks Scenario "Validate selected item details on the checkout page" is failed

20/07/2020 02:15:19 com.app.steps_definitions.Hooks ---------- Launching ------------Android
20/07/2020 02:15:19 com.app.steps_definitions.Hooks Scenario "Validate selected item details on the checkout page" execution started 

20/07/2020 02:15:35 com.app.steps_definitions.Hooks Scenario "Validate selected item details on the checkout page" is failed

20/07/2020 09:45:32 com.app.steps_definitions.Hooks ---------- Launching ------------Android
20/07/2020 09:45:32 com.app.steps_definitions.Hooks Scenario "Validate selected item details on the checkout page" execution started 

20/07/2020 09:45:43 com.app.steps_definitions.Hooks Scenario "Validate selected item details on the checkout page" is failed

20/07/2020 11:05:24 com.app.steps_definitions.Hooks ---------- Launching ------------Android
20/07/2020 11:05:24 com.app.steps_definitions.Hooks Scenario "Validate selected item details on the checkout page" execution started 

20/07/2020 11:05:26 com.app.steps_definitions.Hooks Scenario "Validate selected item details on the checkout page" is failed

20/07/2020 11:05:53 com.app.steps_definitions.Hooks ---------- Launching ------------Android
20/07/2020 11:05:53 com.app.steps_definitions.Hooks Scenario "Validate selected item details on the checkout page" execution started 

20/07/2020 11:06:46 com.app.steps_definitions.Hooks ---------- Launching ------------Android
20/07/2020 11:06:46 com.app.steps_definitions.Hooks Scenario "Validate selected item details on the checkout page" execution started 

20/07/2020 11:06:59 com.app.steps_definitions.Hooks Scenario "Validate selected item details on the checkout page" is failed

20/07/2020 11:08:09 com.app.steps_definitions.Hooks ---------- Launching ------------Android
20/07/2020 11:08:09 com.app.steps_definitions.Hooks Scenario "Validate selected item details on the checkout page" execution started 

20/07/2020 11:08:21 com.app.steps_definitions.Hooks Scenario "Validate selected item details on the checkout page" is failed

20/07/2020 11:08:47 com.app.steps_definitions.Hooks ---------- Launching ------------Android
20/07/2020 11:08:47 com.app.steps_definitions.Hooks Scenario "Validate selected item details on the checkout page" execution started 

20/07/2020 11:09:05 com.app.steps_definitions.Hooks Scenario "Validate selected item details on the checkout page" is failed

20/07/2020 11:21:52 com.app.steps_definitions.Hooks ---------- Launching ------------Android
20/07/2020 11:21:52 com.app.steps_definitions.Hooks Scenario "Validate selected item details on the checkout page" execution started 

20/07/2020 11:22:39 com.app.steps_definitions.Hooks Scenario "Validate selected item details on the checkout page" is failed

20/07/2020 11:23:02 com.app.steps_definitions.Hooks ---------- Launching ------------Android
20/07/2020 11:23:02 com.app.steps_definitions.Hooks Scenario "Validate selected item details on the checkout page" execution started 

20/07/2020 11:23:25 com.app.steps_definitions.Hooks Scenario "Validate selected item details on the checkout page" is failed

20/07/2020 11:31:14 com.app.steps_definitions.Hooks ---------- Launching ------------Android
20/07/2020 11:31:14 com.app.steps_definitions.Hooks Scenario "Validate selected item details on the checkout page" execution started 

20/07/2020 11:31:16 com.app.steps_definitions.Hooks Scenario "Validate selected item details on the checkout page" is failed

20/07/2020 11:38:10 com.app.steps_definitions.Hooks ---------- Launching ------------Android
20/07/2020 11:38:10 com.app.steps_definitions.Hooks Scenario "Validate selected item details on the checkout page" execution started 

20/07/2020 11:38:36 com.app.steps_definitions.Hooks Scenario "Validate selected item details on the checkout page" is failed

20/07/2020 11:46:49 com.app.steps_definitions.Hooks ---------- Launching ------------Android
20/07/2020 11:46:49 com.app.steps_definitions.Hooks Scenario "Validate selected item details on the checkout page" execution started 

20/07/2020 11:46:51 com.app.steps_definitions.Hooks Scenario "Validate selected item details on the checkout page" is failed

20/07/2020 11:47:22 com.app.steps_definitions.Hooks ---------- Launching ------------Android
20/07/2020 11:47:22 com.app.steps_definitions.Hooks Scenario "Validate selected item details on the checkout page" execution started 

20/07/2020 11:47:45 com.app.steps_definitions.Hooks Scenario "Validate selected item details on the checkout page" is failed

20/07/2020 11:51:57 com.app.steps_definitions.Hooks ---------- Launching ------------Android
20/07/2020 11:51:57 com.app.steps_definitions.Hooks Scenario "Validate selected item details on the checkout page" execution started 

20/07/2020 11:57:55 com.app.steps_definitions.Hooks ---------- Launching ------------Android
20/07/2020 11:57:55 com.app.steps_definitions.Hooks Scenario "Validate selected item details on the checkout page" execution started 

20/07/2020 11:58:17 com.app.steps_definitions.Hooks Scenario "Validate selected item details on the checkout page" is failed

20/07/2020 13:36:45 com.app.steps_definitions.Hooks ---------- Launching ------------Android
20/07/2020 13:36:45 com.app.steps_definitions.Hooks Scenario "Validate selected item details on the checkout page" execution started 

20/07/2020 13:37:22 com.app.steps_definitions.Hooks Scenario "Validate selected item details on the checkout page" is failed

20/07/2020 13:37:34 com.app.steps_definitions.Hooks ---------- Launching ------------Android
20/07/2020 13:37:34 com.app.steps_definitions.Hooks Scenario "Validate selected item details on the checkout page" execution started 

20/07/2020 13:37:44 com.app.steps_definitions.Hooks Scenario "Validate selected item details on the checkout page" is failed

20/07/2020 13:37:56 com.app.steps_definitions.Hooks ---------- Launching ------------Android
20/07/2020 13:37:56 com.app.steps_definitions.Hooks Scenario "Validate selected item details on the checkout page" execution started 

20/07/2020 13:38:05 com.app.steps_definitions.Hooks Scenario "Validate selected item details on the checkout page" is failed

20/07/2020 13:38:36 com.app.steps_definitions.Hooks ---------- Launching ------------Android
20/07/2020 13:38:36 com.app.steps_definitions.Hooks Scenario "Validate selected item details on the checkout page" execution started 

20/07/2020 13:39:44 com.app.steps_definitions.Hooks Scenario "Validate selected item details on the checkout page" is failed

20/07/2020 13:39:56 com.app.steps_definitions.Hooks ---------- Launching ------------Android
20/07/2020 13:39:56 com.app.steps_definitions.Hooks Scenario "Validate selected item details on the checkout page" execution started 

20/07/2020 13:40:05 com.app.steps_definitions.Hooks Scenario "Validate selected item details on the checkout page" is failed

20/07/2020 13:41:11 com.app.steps_definitions.Hooks ---------- Launching ------------Android
20/07/2020 13:41:11 com.app.steps_definitions.Hooks Scenario "Validate selected item details on the checkout page" execution started 

20/07/2020 13:41:57 com.app.steps_definitions.Hooks Scenario "Validate selected item details on the checkout page" is failed

20/07/2020 13:42:09 com.app.steps_definitions.Hooks ---------- Launching ------------Android
20/07/2020 13:42:09 com.app.steps_definitions.Hooks Scenario "Validate selected item details on the checkout page" execution started 

20/07/2020 13:42:18 com.app.steps_definitions.Hooks Scenario "Validate selected item details on the checkout page" is failed

20/07/2020 13:43:34 com.app.steps_definitions.Hooks ---------- Launching ------------Android
20/07/2020 13:43:34 com.app.steps_definitions.Hooks Scenario "Validate selected item details on the checkout page" execution started 

20/07/2020 13:44:23 com.app.steps_definitions.Hooks Scenario "Validate selected item details on the checkout page" is failed

20/07/2020 13:44:36 com.app.steps_definitions.Hooks ---------- Launching ------------Android
20/07/2020 13:44:36 com.app.steps_definitions.Hooks Scenario "Validate selected item details on the checkout page" execution started 

20/07/2020 13:44:37 com.app.steps_definitions.Hooks Scenario "Validate selected item details on the checkout page" is failed

20/07/2020 13:44:46 com.app.steps_definitions.Hooks ---------- Launching ------------Android
20/07/2020 13:44:46 com.app.steps_definitions.Hooks Scenario "Validate selected item details on the checkout page" execution started 

20/07/2020 13:45:39 com.app.steps_definitions.Hooks Scenario "Validate selected item details on the checkout page" is failed

20/07/2020 13:45:52 com.app.steps_definitions.Hooks ---------- Launching ------------Android
20/07/2020 13:45:52 com.app.steps_definitions.Hooks Scenario "Validate selected item details on the checkout page" execution started 

20/07/2020 13:46:03 com.app.steps_definitions.Hooks Scenario "Validate selected item details on the checkout page" is failed

20/07/2020 13:46:41 com.app.steps_definitions.Hooks ---------- Launching ------------Android
20/07/2020 13:46:41 com.app.steps_definitions.Hooks Scenario "Validate selected item details on the checkout page" execution started 

20/07/2020 13:47:30 com.app.steps_definitions.Hooks Scenario "Validate selected item details on the checkout page" is failed

20/07/2020 13:47:43 com.app.steps_definitions.Hooks ---------- Launching ------------Android
20/07/2020 13:47:43 com.app.steps_definitions.Hooks Scenario "Validate selected item details on the checkout page" execution started 

20/07/2020 13:47:53 com.app.steps_definitions.Hooks Scenario "Validate selected item details on the checkout page" is failed

20/07/2020 13:48:27 com.app.steps_definitions.Hooks ---------- Launching ------------Android
20/07/2020 13:48:27 com.app.steps_definitions.Hooks Scenario "Validate selected item details on the checkout page" execution started 

20/07/2020 13:48:43 com.app.steps_definitions.Hooks Scenario "Validate selected item details on the checkout page" is failed

20/07/2020 13:48:56 com.app.steps_definitions.Hooks ---------- Launching ------------Android
20/07/2020 13:48:56 com.app.steps_definitions.Hooks Scenario "Validate selected item details on the checkout page" execution started 

20/07/2020 13:49:14 com.app.steps_definitions.Hooks Scenario "Validate selected item details on the checkout page" is failed

20/07/2020 13:49:55 com.app.steps_definitions.Hooks ---------- Launching ------------Android
20/07/2020 13:49:55 com.app.steps_definitions.Hooks Scenario "Validate selected item details on the checkout page" execution started 

20/07/2020 13:50:16 com.app.steps_definitions.Hooks Scenario "Validate selected item details on the checkout page" is failed

20/07/2020 13:50:54 com.app.steps_definitions.Hooks ---------- Launching ------------Android
20/07/2020 13:50:54 com.app.steps_definitions.Hooks Scenario "Validate selected item details on the checkout page" execution started 

20/07/2020 13:51:11 com.app.steps_definitions.Hooks Scenario "Validate selected item details on the checkout page" is failed

20/07/2020 13:51:23 com.app.steps_definitions.Hooks ---------- Launching ------------Android
20/07/2020 13:51:23 com.app.steps_definitions.Hooks Scenario "Validate selected item details on the checkout page" execution started 

20/07/2020 13:51:34 com.app.steps_definitions.Hooks Scenario "Validate selected item details on the checkout page" is failed

20/07/2020 13:53:02 com.app.steps_definitions.Hooks ---------- Launching ------------Android
20/07/2020 13:53:02 com.app.steps_definitions.Hooks Scenario "Validate selected item details on the checkout page" execution started 

20/07/2020 13:53:19 com.app.steps_definitions.Hooks Scenario "Validate selected item details on the checkout page" is failed

20/07/2020 13:53:32 com.app.steps_definitions.Hooks ---------- Launching ------------Android
20/07/2020 13:53:32 com.app.steps_definitions.Hooks Scenario "Validate selected item details on the checkout page" execution started 

20/07/2020 13:53:45 com.app.steps_definitions.Hooks Scenario "Validate selected item details on the checkout page" is failed

20/07/2020 13:55:13 com.app.steps_definitions.Hooks ---------- Launching ------------Android
20/07/2020 13:55:13 com.app.steps_definitions.Hooks Scenario "Validate selected item details on the checkout page" execution started 

20/07/2020 13:55:31 com.app.steps_definitions.Hooks Scenario "Validate selected item details on the checkout page" is failed

20/07/2020 13:56:17 com.app.steps_definitions.Hooks ---------- Launching ------------Android
20/07/2020 13:56:17 com.app.steps_definitions.Hooks Scenario "Validate selected item details on the checkout page" execution started 

20/07/2020 13:57:05 com.app.steps_definitions.Hooks Scenario "Validate selected item details on the checkout page" is failed

20/07/2020 14:01:01 com.app.steps_definitions.Hooks ---------- Launching ------------Android
20/07/2020 14:01:01 com.app.steps_definitions.Hooks Scenario "Validate selected item details on the checkout page" execution started 

20/07/2020 14:01:04 com.app.steps_definitions.Hooks Scenario "Validate selected item details on the checkout page" is failed

20/07/2020 14:01:43 com.app.steps_definitions.Hooks ---------- Launching ------------Android
20/07/2020 14:01:43 com.app.steps_definitions.Hooks Scenario "Validate selected item details on the checkout page" execution started 

20/07/2020 14:02:33 com.app.steps_definitions.Hooks Scenario "Validate selected item details on the checkout page" is failed

20/07/2020 14:04:24 com.app.steps_definitions.Hooks ---------- Launching ------------Android
20/07/2020 14:04:24 com.app.steps_definitions.Hooks Scenario "Validate selected item details on the checkout page" execution started 

20/07/2020 14:04:46 com.app.steps_definitions.Hooks Scenario "Validate selected item details on the checkout page" is failed

20/07/2020 14:05:41 com.app.steps_definitions.Hooks ---------- Launching ------------Android
20/07/2020 14:05:41 com.app.steps_definitions.Hooks Scenario "Validate selected item details on the checkout page" execution started 

20/07/2020 14:06:02 com.app.steps_definitions.Hooks Scenario "Validate selected item details on the checkout page" is failed

20/07/2020 14:06:30 com.app.steps_definitions.Hooks ---------- Launching ------------Android
20/07/2020 14:06:30 com.app.steps_definitions.Hooks Scenario "Validate selected item details on the checkout page" execution started 

20/07/2020 14:06:48 com.app.steps_definitions.Hooks Scenario "Validate selected item details on the checkout page" is failed

20/07/2020 14:07:37 com.app.steps_definitions.Hooks ---------- Launching ------------Android
20/07/2020 14:07:37 com.app.steps_definitions.Hooks Scenario "Validate selected item details on the checkout page" execution started 

20/07/2020 14:08:15 com.app.steps_definitions.Hooks Scenario "Validate selected item details on the checkout page" is failed

20/07/2020 14:13:53 com.app.steps_definitions.Hooks ---------- Launching ------------Android
20/07/2020 14:13:53 com.app.steps_definitions.Hooks Scenario "Validate selected item details on the checkout page" execution started 

20/07/2020 14:14:10 com.app.steps_definitions.Hooks Scenario "Validate selected item details on the checkout page" is failed

20/07/2020 14:14:48 com.app.steps_definitions.Hooks ---------- Launching ------------Android
20/07/2020 14:14:48 com.app.steps_definitions.Hooks Scenario "Validate selected item details on the checkout page" execution started 

20/07/2020 14:15:07 com.app.steps_definitions.Hooks Scenario "Validate selected item details on the checkout page" is failed

20/07/2020 14:15:32 com.app.steps_definitions.Hooks ---------- Launching ------------Android
20/07/2020 14:15:32 com.app.steps_definitions.Hooks Scenario "Validate selected item details on the checkout page" execution started 

20/07/2020 14:15:50 com.app.steps_definitions.Hooks Scenario "Validate selected item details on the checkout page" is failed

20/07/2020 14:16:14 com.app.steps_definitions.Hooks ---------- Launching ------------Android
20/07/2020 14:16:14 com.app.steps_definitions.Hooks Scenario "Validate selected item details on the checkout page" execution started 

20/07/2020 14:16:33 com.app.steps_definitions.Hooks Scenario "Validate selected item details on the checkout page" is failed

20/07/2020 14:17:47 com.app.steps_definitions.Hooks ---------- Launching ------------Android
20/07/2020 14:17:47 com.app.steps_definitions.Hooks Scenario "Validate selected item details on the checkout page" execution started 

20/07/2020 14:18:06 com.app.steps_definitions.Hooks Scenario "Validate selected item details on the checkout page" is failed

20/07/2020 14:19:55 com.app.steps_definitions.Hooks ---------- Launching ------------Android
20/07/2020 14:19:55 com.app.steps_definitions.Hooks Scenario "Validate selected item details on the checkout page" execution started 

20/07/2020 14:20:12 com.app.steps_definitions.Hooks Scenario "Validate selected item details on the checkout page" is failed

20/07/2020 14:20:33 com.app.steps_definitions.Hooks ---------- Launching ------------Android
20/07/2020 14:20:33 com.app.steps_definitions.Hooks Scenario "Validate selected item details on the checkout page" execution started 

20/07/2020 14:20:51 com.app.steps_definitions.Hooks Scenario "Validate selected item details on the checkout page" is failed

20/07/2020 14:21:13 com.app.steps_definitions.Hooks ---------- Launching ------------Android
20/07/2020 14:21:13 com.app.steps_definitions.Hooks Scenario "Validate selected item details on the checkout page" execution started 

20/07/2020 14:21:35 com.app.steps_definitions.Hooks Scenario "Validate selected item details on the checkout page" is failed

20/07/2020 14:23:47 com.app.steps_definitions.Hooks ---------- Launching ------------Android
20/07/2020 14:23:47 com.app.steps_definitions.Hooks Scenario "Validate selected item details on the checkout page" execution started 

20/07/2020 14:24:02 com.app.steps_definitions.Hooks Scenario "Validate selected item details on the checkout page" is failed

20/07/2020 14:25:11 com.app.steps_definitions.Hooks ---------- Launching ------------Android
20/07/2020 14:25:11 com.app.steps_definitions.Hooks Scenario "Validate selected item details on the checkout page" execution started 

20/07/2020 14:25:36 com.app.steps_definitions.Hooks Scenario "Validate selected item details on the checkout page" is failed

20/07/2020 14:26:42 com.app.steps_definitions.Hooks ---------- Launching ------------Android
20/07/2020 14:26:42 com.app.steps_definitions.Hooks Scenario "Validate selected item details on the checkout page" execution started 

20/07/2020 14:27:02 com.app.steps_definitions.Hooks Scenario "Validate selected item details on the checkout page" is failed

20/07/2020 14:27:56 com.app.steps_definitions.Hooks ---------- Launching ------------Android
20/07/2020 14:27:56 com.app.steps_definitions.Hooks Scenario "Validate selected item details on the checkout page" execution started 

20/07/2020 14:28:32 com.app.steps_definitions.Hooks Scenario "Validate selected item details on the checkout page" is failed

20/07/2020 14:28:49 com.app.steps_definitions.Hooks ---------- Launching ------------Android
20/07/2020 14:28:49 com.app.steps_definitions.Hooks Scenario "Validate selected item details on the checkout page" execution started 

20/07/2020 14:29:06 com.app.steps_definitions.Hooks Scenario "Validate selected item details on the checkout page" is failed

20/07/2020 14:29:35 com.app.steps_definitions.Hooks ---------- Launching ------------Android
20/07/2020 14:29:35 com.app.steps_definitions.Hooks Scenario "Validate selected item details on the checkout page" execution started 

20/07/2020 14:29:53 com.app.steps_definitions.Hooks Scenario "Validate selected item details on the checkout page" is failed

20/07/2020 14:30:30 com.app.steps_definitions.Hooks ---------- Launching ------------Android
20/07/2020 14:30:30 com.app.steps_definitions.Hooks Scenario "Validate selected item details on the checkout page" execution started 

20/07/2020 14:30:51 com.app.steps_definitions.Hooks Scenario "Validate selected item details on the checkout page" is failed

20/07/2020 14:31:43 com.app.steps_definitions.Hooks ---------- Launching ------------Android
20/07/2020 14:31:43 com.app.steps_definitions.Hooks Scenario "Validate selected item details on the checkout page" execution started 

20/07/2020 14:32:05 com.app.steps_definitions.Hooks Scenario "Validate selected item details on the checkout page" is failed

20/07/2020 14:32:17 com.app.steps_definitions.Hooks ---------- Launching ------------Android
20/07/2020 14:32:17 com.app.steps_definitions.Hooks Scenario "Validate selected item details on the checkout page" execution started 

20/07/2020 14:32:29 com.app.steps_definitions.Hooks Scenario "Validate selected item details on the checkout page" is failed

20/07/2020 14:33:43 com.app.steps_definitions.Hooks ---------- Launching ------------Android
20/07/2020 14:33:43 com.app.steps_definitions.Hooks Scenario "Validate selected item details on the checkout page" execution started 

20/07/2020 14:34:00 com.app.steps_definitions.Hooks Scenario "Validate selected item details on the checkout page" is failed

20/07/2020 14:34:13 com.app.steps_definitions.Hooks ---------- Launching ------------Android
20/07/2020 14:34:13 com.app.steps_definitions.Hooks Scenario "Validate selected item details on the checkout page" execution started 

20/07/2020 14:34:23 com.app.steps_definitions.Hooks Scenario "Validate selected item details on the checkout page" is failed

20/07/2020 14:36:04 com.app.steps_definitions.Hooks ---------- Launching ------------Android
20/07/2020 14:36:04 com.app.steps_definitions.Hooks Scenario "Validate selected item details on the checkout page" execution started 

20/07/2020 14:36:21 com.app.steps_definitions.Hooks Scenario "Validate selected item details on the checkout page" is failed

20/07/2020 14:36:34 com.app.steps_definitions.Hooks ---------- Launching ------------Android
20/07/2020 14:36:34 com.app.steps_definitions.Hooks Scenario "Validate selected item details on the checkout page" execution started 

20/07/2020 14:36:45 com.app.steps_definitions.Hooks Scenario "Validate selected item details on the checkout page" is failed

20/07/2020 14:47:19 com.app.steps_definitions.Hooks ---------- Launching ------------Android
20/07/2020 14:47:19 com.app.steps_definitions.Hooks Scenario "Validate selected item details on the checkout page" execution started 

20/07/2020 14:47:21 com.app.steps_definitions.Hooks Scenario "Validate selected item details on the checkout page" is failed

20/07/2020 14:47:38 com.app.steps_definitions.Hooks ---------- Launching ------------Android
20/07/2020 14:47:38 com.app.steps_definitions.Hooks Scenario "Validate selected item details on the checkout page" execution started 

20/07/2020 14:47:45 com.app.steps_definitions.Hooks Scenario "Validate selected item details on the checkout page" is failed

20/07/2020 14:47:54 com.app.steps_definitions.Hooks ---------- Launching ------------Android
20/07/2020 14:47:54 com.app.steps_definitions.Hooks Scenario "Validate selected item details on the checkout page" execution started 

20/07/2020 14:48:41 com.app.steps_definitions.Hooks Scenario "Validate selected item details on the checkout page" is failed

20/07/2020 15:01:26 com.app.steps_definitions.Hooks ---------- Launching ------------Android
20/07/2020 15:01:26 com.app.steps_definitions.Hooks Scenario "Validate selected item details on the checkout page" execution started 

20/07/2020 15:01:45 com.app.steps_definitions.Hooks Scenario "Validate selected item details on the checkout page" is failed

20/07/2020 15:02:58 com.app.steps_definitions.Hooks ---------- Launching ------------Android
20/07/2020 15:02:58 com.app.steps_definitions.Hooks Scenario "Validate selected item details on the checkout page" execution started 

20/07/2020 15:03:43 com.app.steps_definitions.Hooks Scenario "Validate selected item details on the checkout page" is failed

20/07/2020 15:04:10 com.app.steps_definitions.Hooks ---------- Launching ------------Android
20/07/2020 15:04:10 com.app.steps_definitions.Hooks Scenario "Validate selected item details on the checkout page" execution started 

20/07/2020 15:04:56 com.app.steps_definitions.Hooks Scenario "Validate selected item details on the checkout page" is failed

20/07/2020 15:06:14 com.app.steps_definitions.Hooks ---------- Launching ------------Android
20/07/2020 15:06:14 com.app.steps_definitions.Hooks Scenario "Validate selected item details on the checkout page" execution started 

20/07/2020 15:06:59 com.app.steps_definitions.Hooks Scenario "Validate selected item details on the checkout page" is failed

20/07/2020 15:08:52 com.app.steps_definitions.Hooks ---------- Launching ------------Android
20/07/2020 15:08:52 com.app.steps_definitions.Hooks Scenario "Validate selected item details on the checkout page" execution started 

20/07/2020 15:09:39 com.app.steps_definitions.Hooks Scenario "Validate selected item details on the checkout page" is failed

20/07/2020 15:10:44 com.app.steps_definitions.Hooks ---------- Launching ------------Android
20/07/2020 15:10:44 com.app.steps_definitions.Hooks Scenario "Validate selected item details on the checkout page" execution started 

20/07/2020 15:11:04 com.app.steps_definitions.Hooks Scenario "Validate selected item details on the checkout page" is failed

20/07/2020 15:12:01 com.app.steps_definitions.Hooks ---------- Launching ------------Android
20/07/2020 15:12:01 com.app.steps_definitions.Hooks Scenario "Validate selected item details on the checkout page" execution started 

20/07/2020 15:12:17 com.app.steps_definitions.Hooks Scenario "Validate selected item details on the checkout page" is failed

20/07/2020 15:12:45 com.app.steps_definitions.Hooks ---------- Launching ------------Android
20/07/2020 15:12:45 com.app.steps_definitions.Hooks Scenario "Validate selected item details on the checkout page" execution started 

20/07/2020 15:13:02 com.app.steps_definitions.Hooks Scenario "Validate selected item details on the checkout page" is failed

20/07/2020 15:13:24 com.app.steps_definitions.Hooks ---------- Launching ------------Android
20/07/2020 15:13:24 com.app.steps_definitions.Hooks Scenario "Validate selected item details on the checkout page" execution started 

20/07/2020 15:13:43 com.app.steps_definitions.Hooks Scenario "Validate selected item details on the checkout page" is failed

20/07/2020 15:14:47 com.app.steps_definitions.Hooks ---------- Launching ------------Android
20/07/2020 15:14:47 com.app.steps_definitions.Hooks Scenario "Validate selected item details on the checkout page" execution started 

20/07/2020 15:15:05 com.app.steps_definitions.Hooks Scenario "Validate selected item details on the checkout page" is failed

20/07/2020 15:15:52 com.app.steps_definitions.Hooks ---------- Launching ------------Android
20/07/2020 15:15:52 com.app.steps_definitions.Hooks Scenario "Validate selected item details on the checkout page" execution started 

20/07/2020 15:16:10 com.app.steps_definitions.Hooks Scenario "Validate selected item details on the checkout page" is failed

20/07/2020 15:16:47 com.app.steps_definitions.Hooks ---------- Launching ------------Android
20/07/2020 15:16:47 com.app.steps_definitions.Hooks Scenario "Validate selected item details on the checkout page" execution started 

20/07/2020 15:17:11 com.app.steps_definitions.Hooks Scenario "Validate selected item details on the checkout page" is failed

20/07/2020 15:19:07 com.app.steps_definitions.Hooks ---------- Launching ------------Android
20/07/2020 15:19:07 com.app.steps_definitions.Hooks Scenario "Validate selected item details on the checkout page" execution started 

20/07/2020 15:19:27 com.app.steps_definitions.Hooks Scenario "Validate selected item details on the checkout page" is failed

20/07/2020 15:22:48 com.app.steps_definitions.Hooks ---------- Launching ------------Android
20/07/2020 15:22:48 com.app.steps_definitions.Hooks Scenario "Validate selected item details on the checkout page" execution started 

20/07/2020 15:22:50 com.app.steps_definitions.Hooks Scenario "Validate selected item details on the checkout page" is failed

20/07/2020 15:23:09 com.app.steps_definitions.Hooks ---------- Launching ------------Android
20/07/2020 15:23:09 com.app.steps_definitions.Hooks Scenario "Validate selected item details on the checkout page" execution started 

20/07/2020 15:23:30 com.app.steps_definitions.Hooks Scenario "Validate selected item details on the checkout page" is failed

20/07/2020 15:24:11 com.app.steps_definitions.Hooks ---------- Launching ------------Android
20/07/2020 15:24:11 com.app.steps_definitions.Hooks Scenario "Validate selected item details on the checkout page" execution started 

20/07/2020 15:24:17 com.app.steps_definitions.Hooks Scenario "Validate selected item details on the checkout page" is failed

20/07/2020 15:24:55 com.app.steps_definitions.Hooks Scenario "Validate selected item details on the checkout page" is failed

20/07/2020 15:25:31 com.app.steps_definitions.Hooks ---------- Launching ------------Android
20/07/2020 15:25:31 com.app.steps_definitions.Hooks Scenario "Validate selected item details on the checkout page" execution started 

20/07/2020 15:26:30 com.app.steps_definitions.Hooks ---------- Launching ------------Android
20/07/2020 15:26:30 com.app.steps_definitions.Hooks Scenario "Validate selected item details on the checkout page" execution started 

20/07/2020 15:26:39 com.app.steps_definitions.Hooks Scenario "Validate selected item details on the checkout page" is failed

20/07/2020 15:26:58 com.app.steps_definitions.Hooks ---------- Launching ------------Android
20/07/2020 15:26:58 com.app.steps_definitions.Hooks Scenario "Validate selected item details on the checkout page" execution started 

20/07/2020 15:29:27 com.app.steps_definitions.Hooks ---------- Launching ------------Android
20/07/2020 15:29:27 com.app.steps_definitions.Hooks Scenario "Validate selected item details on the checkout page" execution started 

20/07/2020 15:29:58 com.app.steps_definitions.Hooks Scenario "Validate selected item details on the checkout page" is failed

20/07/2020 15:34:53 com.app.steps_definitions.Hooks ---------- Launching ------------Android
20/07/2020 15:34:53 com.app.steps_definitions.Hooks Scenario "Validate selected item details on the checkout page" execution started 

20/07/2020 15:36:31 com.app.steps_definitions.Hooks ---------- Launching ------------Android
20/07/2020 15:36:31 com.app.steps_definitions.Hooks Scenario "Validate selected item details on the checkout page" execution started 

20/07/2020 15:37:01 com.app.steps_definitions.Hooks Scenario "Validate selected item details on the checkout page" is failed

20/07/2020 15:37:18 com.app.steps_definitions.Hooks ---------- Launching ------------Android
20/07/2020 15:37:18 com.app.steps_definitions.Hooks Scenario "Validate selected item details on the checkout page" execution started 

20/07/2020 15:49:34 com.app.steps_definitions.Hooks ---------- Launching ------------Android
20/07/2020 15:49:34 com.app.steps_definitions.Hooks Scenario "Validate selected item details on the checkout page" execution started 

20/07/2020 15:50:03 com.app.steps_definitions.Hooks Scenario "Validate selected item details on the checkout page" is failed

20/07/2020 15:51:04 com.app.steps_definitions.Hooks ---------- Launching ------------Android
20/07/2020 15:51:04 com.app.steps_definitions.Hooks Scenario "Validate selected item details on the checkout page" execution started 

20/07/2020 15:51:39 com.app.steps_definitions.Hooks Scenario "Validate selected item details on the checkout page" is failed

20/07/2020 15:51:58 com.app.steps_definitions.Hooks ---------- Launching ------------Android
20/07/2020 15:51:58 com.app.steps_definitions.Hooks Scenario "Validate selected item details on the checkout page" execution started 

20/07/2020 15:52:31 com.app.steps_definitions.Hooks Scenario "Validate selected item details on the checkout page" is failed

20/07/2020 15:55:22 com.app.steps_definitions.Hooks ---------- Launching ------------Android
20/07/2020 15:55:22 com.app.steps_definitions.Hooks Scenario "Validate selected item details on the checkout page" execution started 

20/07/2020 15:55:53 com.app.steps_definitions.Hooks Scenario "Validate selected item details on the checkout page" is failed

20/07/2020 15:56:10 com.app.steps_definitions.Hooks ---------- Launching ------------Android
20/07/2020 15:56:10 com.app.steps_definitions.Hooks Scenario "Validate selected item details on the checkout page" execution started 

20/07/2020 15:56:42 com.app.steps_definitions.Hooks Scenario "Validate selected item details on the checkout page" is failed

20/07/2020 16:10:58 com.app.steps_definitions.Hooks ---------- Launching ------------Android
20/07/2020 16:10:58 com.app.steps_definitions.Hooks Scenario "Validate selected item details on the checkout page" execution started 

20/07/2020 16:11:11 com.app.steps_definitions.Hooks Scenario "Validate selected item details on the checkout page" is failed

20/07/2020 16:11:36 com.app.steps_definitions.Hooks ---------- Launching ------------Android
20/07/2020 16:11:36 com.app.steps_definitions.Hooks Scenario "Validate selected item details on the checkout page" execution started 

20/07/2020 16:12:10 com.app.steps_definitions.Hooks Scenario "Validate selected item details on the checkout page" is failed

20/07/2020 16:12:21 com.app.steps_definitions.Hooks ---------- Launching ------------Android
20/07/2020 16:12:21 com.app.steps_definitions.Hooks Scenario "Validate selected item details on the checkout page" execution started 

20/07/2020 16:12:33 com.app.steps_definitions.Hooks Scenario "Validate selected item details on the checkout page" is failed

20/07/2020 16:15:17 com.app.steps_definitions.Hooks ---------- Launching ------------Android
20/07/2020 16:15:17 com.app.steps_definitions.Hooks Scenario "Validate selected item details on the checkout page" execution started 

20/07/2020 16:15:48 com.app.steps_definitions.Hooks Scenario "Validate selected item details on the checkout page" is failed

20/07/2020 16:16:05 com.app.steps_definitions.Hooks ---------- Launching ------------Android
20/07/2020 16:16:05 com.app.steps_definitions.Hooks Scenario "Validate selected item details on the checkout page" execution started 

20/07/2020 16:16:17 com.app.steps_definitions.Hooks Scenario "Validate selected item details on the checkout page" is failed

20/07/2020 16:20:38 com.app.steps_definitions.Hooks ---------- Launching ------------Android
20/07/2020 16:20:38 com.app.steps_definitions.Hooks Scenario "Validate selected item details on the checkout page" execution started 

20/07/2020 16:21:10 com.app.steps_definitions.Hooks Scenario "Validate selected item details on the checkout page" is failed

20/07/2020 16:21:22 com.app.steps_definitions.Hooks ---------- Launching ------------Android
20/07/2020 16:21:22 com.app.steps_definitions.Hooks Scenario "Validate selected item details on the checkout page" execution started 

20/07/2020 16:21:34 com.app.steps_definitions.Hooks Scenario "Validate selected item details on the checkout page" is failed

20/07/2020 16:24:44 com.app.steps_definitions.Hooks ---------- Launching ------------Android
20/07/2020 16:24:44 com.app.steps_definitions.Hooks Scenario "Validate selected item details on the checkout page" execution started 

20/07/2020 16:25:13 com.app.steps_definitions.Hooks Scenario "Validate selected item details on the checkout page" is failed

20/07/2020 16:25:25 com.app.steps_definitions.Hooks ---------- Launching ------------Android
20/07/2020 16:25:25 com.app.steps_definitions.Hooks Scenario "Validate selected item details on the checkout page" execution started 

20/07/2020 16:25:37 com.app.steps_definitions.Hooks Scenario "Validate selected item details on the checkout page" is failed

20/07/2020 16:25:58 com.app.steps_definitions.Hooks ---------- Launching ------------Android
20/07/2020 16:25:58 com.app.steps_definitions.Hooks Scenario "Validate selected item details on the checkout page" execution started 

20/07/2020 16:26:29 com.app.steps_definitions.Hooks Scenario "Validate selected item details on the checkout page" is failed

20/07/2020 16:26:41 com.app.steps_definitions.Hooks ---------- Launching ------------Android
20/07/2020 16:26:41 com.app.steps_definitions.Hooks Scenario "Validate selected item details on the checkout page" execution started 

20/07/2020 16:26:54 com.app.steps_definitions.Hooks Scenario "Validate selected item details on the checkout page" is failed

